This is pdfTeX, Version 3.14159265-2.6-1.40.19 (TeX Live 2019/dev/Debian) (preloaded format=pdflatex 2020.1.2)  3 SEP 2021 14:18
entering extended mode
 restricted \write18 enabled.
 %&-line parsing enabled.
**theory_ML.tex
(./theory_ML.tex
LaTeX2e <2018-12-01>
! Undefined control sequence.
l.3 \chapter
            {Machine Learning} % Main chapter title
? 
! Emergency stop.
l.3 \chapter
            {Machine Learning} % Main chapter title
End of file on the terminal!

 
Here is how much of TeX's memory you used:
 5 strings out of 492615
 150 string characters out of 6131391
 56959 words of memory out of 5000000
 4018 multiletter control sequences out of 15000+600000
 3640 words of font info for 14 fonts, out of 8000000 for 9000
 1141 hyphenation exceptions out of 8191
 5i,0n,1p,63b,8s stack positions out of 5000i,500n,10000p,200000b,80000s
!  ==> Fatal error occurred, no output PDF file produced!
